NEXUS_CORE SYSTEM LOG
Generated: 2026-03-01T02:49:27.551Z
Siphoned Repos: OpenVINO/object_detection

[12:42:54] DISCOVERED: 2326 files in repository (Recursive).
[12:42:54] DISCOVERED: 2326 files in repository (Recursive).
[12:43:33] UPLOADING SOURCE DNA: 1_combined.md (172.64MB)...
[12:43:35] ANALYZING DNA STRUCTURE: EXTRACTING CORE PATTERNS...
[12:43:52] UPLOADING SATURATION GUIDELINES: DOES A ROCK ACTUALLY GIVE A FUCK (1).docx...
[12:43:52] SATURATION GUIDELINES INSTANTIATED.
[12:43:57] GEMINI ERROR: {"error":{"code":500,"message":"Rpc failed due to xhr error. uri: https://alkalimakersuite-pa.clients6.google.com/$rpc/google.internal.alkali.applications.makersuite.v1.MakerSuiteService/ProxyUnaryCall, error code: 6, error:  [0]","status":"UNKNOWN"}}
[12:43:57] DNA ANALYSIS FAILED: USING RAW SAMPLE AS FALLBACK.
[12:44:14] SYNCING SYSTEM PROMPTS FROM FIREBASE...
[12:44:25] INITIATING PRE-FLIGHT DOCUMENTATION UPDATE...
[12:44:25] MANUAL OVERRIDE: INITIATING README EVOLUTION...
[12:44:35] PUSHING MANUAL README UPDATE...
[12:44:37] INSTANTIATED: README.md successfully synced.
[12:44:37] COMMENCING NEXUS_CORE WARM-UP FOR nexus_core.js...
[12:44:38] GEMINI QUOTA EXCEEDED. SYSTEM WILL ATTEMPT TO CONTINUE WITH DEFAULTS.
[12:44:38] GEMINI FAILED: ACTIVATING GROK FALLBACK...
[12:44:38] AI FALLBACK: ACTIVATING CEREBRAS PROTOCOL...
[12:44:39] SYSTEM VOTE: OpenVINO/object_detection SELECTED FOR MUTATION.
[12:44:39] ROUND 1: Siphoning patterns into nexus_core.js...
[12:44:41] CEREBRAS ERROR: Unexpected token '<', "<!DOCTYPE "... is not valid JSON
[12:44:43] INSTANTIATED: nexus_core.js successfully synced.
[12:44:45] INSTANTIATED: meta_nexus_core.json successfully synced.
[12:44:47] ROUND 2: Siphoning patterns into nexus_core.js...
[12:44:49] CEREBRAS ERROR: Unexpected token '<', "<!DOCTYPE "... is not valid JSON
[12:44:52] INSTANTIATED: nexus_core.js successfully synced.
[12:44:53] INSTANTIATED: meta_nexus_core.json successfully synced.
[12:44:56] ROUND 3: Siphoning patterns into nexus_core.js...
[12:44:57] CEREBRAS ERROR: Unexpected token '<', "<!DOCTYPE "... is not valid JSON
[12:45:00] INSTANTIATED: nexus_core.js successfully synced.
[12:45:01] INSTANTIATED: meta_nexus_core.json successfully synced.
[12:45:04] ROUND 4: Siphoning patterns into nexus_core.js...
[12:45:05] CEREBRAS ERROR: Unexpected token '<', "<!DOCTYPE "... is not valid JSON
[12:45:08] INSTANTIATED: nexus_core.js successfully synced.
[12:45:09] INSTANTIATED: meta_nexus_core.json successfully synced.
[12:45:11] ROUND 5: Siphoning patterns into nexus_core.js...
[12:45:12] CEREBRAS ERROR: Unexpected token '<', "<!DOCTYPE "... is not valid JSON
[12:45:13] INSTANTIATED: nexus_core.js successfully synced.
[12:45:15] INSTANTIATED: meta_nexus_core.json successfully synced.
[12:45:17] LIFECYCLE COMPLETE FOR nexus_core.js.
[12:45:17] BATCH PROCESS COMPLETE: ALL TARGETS TRANSITIONED TO STEADY STATE.
[12:45:19] INSTANTIATED: NEXUS_LOG.txt successfully synced.
[12:45:19] SYSTEM LOG PUSHED TO REPOSITORY.
[12:45:20] DISCOVERED: 2326 files in repository (Recursive).